{"C:\\Users\\robin\\Desktop\\321-1\\CPEN-321\\app.js": {"path":"C:\\Users\\robin\\Desktop\\321-1\\CPEN-321\\app.js","statementMap":{"0":{"start":{"line":1,"column":14},"end":{"line":1,"column":32}},"1":{"start":{"line":2,"column":17},"end":{"line":2,"column":39}},"2":{"start":{"line":3,"column":10},"end":{"line":3,"column":19}},"3":{"start":{"line":5,"column":0},"end":{"line":5,"column":42}},"4":{"start":{"line":8,"column":14},"end":{"line":8,"column":38}},"5":{"start":{"line":10,"column":18},"end":{"line":10,"column":48}},"6":{"start":{"line":11,"column":11},"end":{"line":11,"column":38}},"7":{"start":{"line":13,"column":0},"end":{"line":18,"column":2}},"8":{"start":{"line":16,"column":8},"end":{"line":16,"column":31}},"9":{"start":{"line":136,"column":0},"end":{"line":136,"column":23}}},"fnMap":{"0":{"name":"(anonymous_0)","decl":{"start":{"line":15,"column":4},"end":{"line":15,"column":5}},"loc":{"start":{"line":15,"column":20},"end":{"line":17,"column":5}},"line":15}},"branchMap":{"0":{"loc":{"start":{"line":8,"column":14},"end":{"line":8,"column":38}},"type":"binary-expr","locations":[{"start":{"line":8,"column":14},"end":{"line":8,"column":30}},{"start":{"line":8,"column":34},"end":{"line":8,"column":38}}],"line":8}},"s":{"0":1,"1":1,"2":1,"3":1,"4":1,"5":1,"6":1,"7":1,"8":1,"9":1},"f":{"0":1},"b":{"0":[1,1]},"_coverageSchema":"1a1c01bbd47fc00a2c39e90264f33305004495a9","hash":"150d4d6a8e6ee9b580fd71ccfacf4c33cc24ee87"}
,"C:\\Users\\robin\\Desktop\\321-1\\CPEN-321\\app_logic.js": {"path":"C:\\Users\\robin\\Desktop\\321-1\\CPEN-321\\app_logic.js","statementMap":{"0":{"start":{"line":2,"column":12},"end":{"line":2,"column":28}},"1":{"start":{"line":4,"column":0},"end":{"line":12,"column":3}},"2":{"start":{"line":5,"column":20},"end":{"line":5,"column":40}},"3":{"start":{"line":6,"column":13},"end":{"line":6,"column":15}},"4":{"start":{"line":7,"column":14},"end":{"line":7,"column":16}},"5":{"start":{"line":8,"column":4},"end":{"line":10,"column":10}},"6":{"start":{"line":9,"column":8},"end":{"line":9,"column":21}},"7":{"start":{"line":14,"column":0},"end":{"line":14,"column":23}}},"fnMap":{"0":{"name":"(anonymous_0)","decl":{"start":{"line":4,"column":18},"end":{"line":4,"column":19}},"loc":{"start":{"line":4,"column":35},"end":{"line":12,"column":1}},"line":4},"1":{"name":"(anonymous_1)","decl":{"start":{"line":8,"column":21},"end":{"line":8,"column":22}},"loc":{"start":{"line":8,"column":25},"end":{"line":10,"column":5}},"line":8}},"branchMap":{},"s":{"0":1,"1":1,"2":1,"3":1,"4":1,"5":1,"6":1,"7":1},"f":{"0":1,"1":1},"b":{},"_coverageSchema":"1a1c01bbd47fc00a2c39e90264f33305004495a9","hash":"3449e843219315c8a08c356bc8ab56b4cc2464ee"}
,"C:\\Users\\robin\\Desktop\\321-1\\CPEN-321\\mylogic.js": {"path":"C:\\Users\\robin\\Desktop\\321-1\\CPEN-321\\mylogic.js","statementMap":{"0":{"start":{"line":12,"column":14},"end":{"line":43,"column":1}},"1":{"start":{"line":14,"column":25},"end":{"line":14,"column":43}},"2":{"start":{"line":15,"column":22},"end":{"line":15,"column":52}},"3":{"start":{"line":17,"column":4},"end":{"line":42,"column":10}},"4":{"start":{"line":20,"column":11},"end":{"line":20,"column":34}},"5":{"start":{"line":21,"column":11},"end":{"line":21,"column":41}},"6":{"start":{"line":22,"column":11},"end":{"line":41,"column":13}},"7":{"start":{"line":23,"column":12},"end":{"line":23,"column":35}},"8":{"start":{"line":23,"column":25},"end":{"line":23,"column":35}},"9":{"start":{"line":24,"column":12},"end":{"line":40,"column":13}},"10":{"start":{"line":25,"column":27},"end":{"line":25,"column":72}},"11":{"start":{"line":26,"column":16},"end":{"line":26,"column":38}},"12":{"start":{"line":27,"column":16},"end":{"line":27,"column":49}},"13":{"start":{"line":28,"column":16},"end":{"line":28,"column":35}},"14":{"start":{"line":29,"column":16},"end":{"line":29,"column":30}},"15":{"start":{"line":30,"column":16},"end":{"line":33,"column":17}},"16":{"start":{"line":30,"column":32},"end":{"line":30,"column":37}},"17":{"start":{"line":32,"column":20},"end":{"line":32,"column":52}},"18":{"start":{"line":36,"column":16},"end":{"line":39,"column":17}},"19":{"start":{"line":36,"column":32},"end":{"line":36,"column":37}},"20":{"start":{"line":38,"column":20},"end":{"line":38,"column":52}},"21":{"start":{"line":44,"column":0},"end":{"line":44,"column":27}}},"fnMap":{"0":{"name":"(anonymous_0)","decl":{"start":{"line":12,"column":14},"end":{"line":12,"column":15}},"loc":{"start":{"line":12,"column":54},"end":{"line":43,"column":1}},"line":12},"1":{"name":"(anonymous_1)","decl":{"start":{"line":19,"column":7},"end":{"line":19,"column":8}},"loc":{"start":{"line":19,"column":23},"end":{"line":42,"column":8}},"line":19},"2":{"name":"(anonymous_2)","decl":{"start":{"line":22,"column":76},"end":{"line":22,"column":77}},"loc":{"start":{"line":22,"column":95},"end":{"line":41,"column":11}},"line":22}},"branchMap":{"0":{"loc":{"start":{"line":23,"column":12},"end":{"line":23,"column":35}},"type":"if","locations":[{"start":{"line":23,"column":12},"end":{"line":23,"column":35}},{"start":{"line":23,"column":12},"end":{"line":23,"column":35}}],"line":23},"1":{"loc":{"start":{"line":24,"column":12},"end":{"line":40,"column":13}},"type":"if","locations":[{"start":{"line":24,"column":12},"end":{"line":40,"column":13}},{"start":{"line":24,"column":12},"end":{"line":40,"column":13}}],"line":24},"2":{"loc":{"start":{"line":30,"column":16},"end":{"line":33,"column":17}},"type":"if","locations":[{"start":{"line":30,"column":16},"end":{"line":33,"column":17}},{"start":{"line":30,"column":16},"end":{"line":33,"column":17}}],"line":30},"3":{"loc":{"start":{"line":36,"column":16},"end":{"line":39,"column":17}},"type":"if","locations":[{"start":{"line":36,"column":16},"end":{"line":39,"column":17}},{"start":{"line":36,"column":16},"end":{"line":39,"column":17}}],"line":36}},"s":{"0":1,"1":12,"2":12,"3":12,"4":12,"5":12,"6":12,"7":12,"8":4,"9":12,"10":8,"11":8,"12":8,"13":8,"14":8,"15":8,"16":2,"17":6,"18":4,"19":1,"20":3,"21":1},"f":{"0":12,"1":12,"2":12},"b":{"0":[4,8],"1":[8,4],"2":[2,6],"3":[1,3]},"_coverageSchema":"1a1c01bbd47fc00a2c39e90264f33305004495a9","hash":"b8c9b39e1f180357a4bdf922eac85404431088d3"}
}
