TN:
SF:app.js
FN:15,(anonymous_0)
FNF:1
FNH:1
FNDA:1,(anonymous_0)
DA:1,1
DA:2,1
DA:3,1
DA:5,1
DA:8,1
DA:10,1
DA:11,1
DA:13,1
DA:16,1
DA:136,1
LF:10
LH:10
BRDA:8,0,0,1
BRDA:8,0,1,1
BRF:2
BRH:2
end_of_record
TN:
SF:app_logic.js
FN:4,(anonymous_0)
FN:8,(anonymous_1)
FNF:2
FNH:2
FNDA:1,(anonymous_0)
FNDA:1,(anonymous_1)
DA:2,1
DA:4,1
DA:5,1
DA:6,1
DA:7,1
DA:8,1
DA:9,1
DA:14,1
LF:8
LH:8
BRF:0
BRH:0
end_of_record
TN:
SF:mylogic.js
FN:12,(anonymous_0)
FN:19,(anonymous_1)
FN:22,(anonymous_2)
FNF:3
FNH:3
FNDA:12,(anonymous_0)
FNDA:12,(anonymous_1)
FNDA:12,(anonymous_2)
DA:12,1
DA:14,12
DA:15,12
DA:17,12
DA:20,12
DA:21,12
DA:22,12
DA:23,12
DA:24,12
DA:25,8
DA:26,8
DA:27,8
DA:28,8
DA:29,8
DA:30,8
DA:32,6
DA:36,4
DA:38,3
DA:44,1
LF:19
LH:19
BRDA:23,0,0,4
BRDA:23,0,1,8
BRDA:24,1,0,8
BRDA:24,1,1,4
BRDA:30,2,0,2
BRDA:30,2,1,6
BRDA:36,3,0,1
BRDA:36,3,1,3
BRF:8
BRH:8
end_of_record
